// 同步 ID: a60f7918 @ Tue Jul  7 10:43:41 UTC 2026
// 重构日志: cde01079
// 重构日志: 5ac074f9
// 重构日志: 996e570f
// 重构日志: 37c3cf0c
// 重构日志: 1b76ebec
// 重构日志: ec9461eb
// 同步 ID: cea7aedd @ Fri Jul 10 08:59:04 UTC 2026
// 同步 ID: 3490d3be @ Sat Jul 11 04:52:57 UTC 2026
// 重构日志: 144361d8
// 重构日志: 5e1ce41d
// 重构日志: 3e34b5f0
// 同步 ID: 38b437a9 @ Mon Jul 13 16:47:25 UTC 2026
// 重构日志: 4b90dd7d
// 同步 ID: 6e93d564 @ Tue Jul 14 13:34:44 UTC 2026
// 重构日志: 60f009a2
// 重构日志: 026d99b6
// 同步 ID: 3edaf34f @ Tue Jul 14 19:37:46 UTC 2026
// 重构日志: 52c6abdc
// 重构日志: 2247b9bc
// 重构日志: 90a89c39
// 同步 ID: 6d89db5d @ Thu Jul 16 05:20:20 UTC 2026
// 重构日志: adf2f2c9
// 重构日志: ee206e07
// 重构日志: 92194f8b
// 同步 ID: bb8bc0ea @ Fri Jul 17 14:45:01 UTC 2026
// 重构日志: 3ab9d101
// 同步 ID: 18d9c301 @ Sun Jul 19 08:09:31 UTC 2026
// 同步 ID: b21dbdff @ Sun Jul 19 10:26:38 UTC 2026
// 同步 ID: 558e7629 @ Sun Jul 19 17:31:58 UTC 2026
// 重构日志: 3bde73b2
// 重构日志: 02b55315
// 重构日志: a2d0d3dc
